[2024-06-29 02:16:58] local.ERROR: syntax error, unexpected token "}" {"exception":"[object] (ParseError(code: 0): syntax error, unexpected token \"}\" at /var/www/html/database/seeders/DatabaseSeeder.php:20)
[stacktrace]
#0 /var/www/html/vendor/composer/ClassLoader.php(427): Composer\\Autoload\\{closure}('/var/www/html/v...')
#1 [internal function]: Composer\\Autoload\\ClassLoader->loadClass('Database\\\\Seeder...')
#2 /var/www/html/vendor/illuminate/database/Console/Seeds/SeedCommand.php(94): class_exists('Database\\\\Seeder...')
#3 /var/www/html/vendor/illuminate/database/Console/Seeds/SeedCommand.php(70): Illuminate\\Database\\Console\\Seeds\\SeedCommand->getSeeder()
#4 /var/www/html/vendor/illuminate/database/Eloquent/Concerns/GuardsAttributes.php(155): Illuminate\\Database\\Console\\Seeds\\SeedCommand->Illuminate\\Database\\Console\\Seeds\\{closure}()
#5 /var/www/html/vendor/illuminate/database/Console/Seeds/SeedCommand.php(71): Illuminate\\Database\\Eloquent\\Model::unguarded(Object(Closure))
#6 /var/www/html/vendor/illuminate/container/BoundMethod.php(36): Illuminate\\Database\\Console\\Seeds\\SeedCommand->handle()
#7 /var/www/html/vendor/illuminate/container/Util.php(41): Illuminate\\Container\\BoundMethod::Illuminate\\Container\\{closure}()
#8 /var/www/html/vendor/illuminate/container/BoundMethod.php(93): Illuminate\\Container\\Util::unwrapIfClosure(Object(Closure))
#9 /var/www/html/vendor/illuminate/container/BoundMethod.php(37): Illuminate\\Container\\BoundMethod::callBoundMethod(Object(Laravel\\Lumen\\Application), Array, Object(Closure))
#10 /var/www/html/vendor/illuminate/container/Container.php(662): Illuminate\\Container\\BoundMethod::call(Object(Laravel\\Lumen\\Application), Array, Array, NULL)
#11 /var/www/html/vendor/illuminate/console/Command.php(211): Illuminate\\Container\\Container->call(Array)
#12 /var/www/html/vendor/symfony/console/Command/Command.php(326): Illuminate\\Console\\Command->execute(Object(Symfony\\Component\\Console\\Input\\ArrayInput), Object(Illuminate\\Console\\OutputStyle))
#13 /var/www/html/vendor/illuminate/console/Command.php(181): Symfony\\Component\\Console\\Command\\Command->run(Object(Symfony\\Component\\Console\\Input\\ArrayInput), Object(Illuminate\\Console\\OutputStyle))
#14 /var/www/html/vendor/illuminate/console/Concerns/CallsCommands.php(68): Illuminate\\Console\\Command->run(Object(Symfony\\Component\\Console\\Input\\ArrayInput), Object(Illuminate\\Console\\OutputStyle))
#15 /var/www/html/vendor/illuminate/console/Concerns/CallsCommands.php(28): Illuminate\\Console\\Command->runCommand('db:seed', Array, Object(Illuminate\\Console\\OutputStyle))
#16 /var/www/html/vendor/illuminate/database/Console/Migrations/FreshCommand.php(94): Illuminate\\Console\\Command->call('db:seed', Array)
#17 /var/www/html/vendor/illuminate/database/Console/Migrations/FreshCommand.php(69): Illuminate\\Database\\Console\\Migrations\\FreshCommand->runSeeder(NULL)
#18 /var/www/html/vendor/illuminate/container/BoundMethod.php(36): Illuminate\\Database\\Console\\Migrations\\FreshCommand->handle()
#19 /var/www/html/vendor/illuminate/container/Util.php(41): Illuminate\\Container\\BoundMethod::Illuminate\\Container\\{closure}()
#20 /var/www/html/vendor/illuminate/container/BoundMethod.php(93): Illuminate\\Container\\Util::unwrapIfClosure(Object(Closure))
#21 /var/www/html/vendor/illuminate/container/BoundMethod.php(37): Illuminate\\Container\\BoundMethod::callBoundMethod(Object(Laravel\\Lumen\\Application), Array, Object(Closure))
#22 /var/www/html/vendor/illuminate/container/Container.php(662): Illuminate\\Container\\BoundMethod::call(Object(Laravel\\Lumen\\Application), Array, Array, NULL)
#23 /var/www/html/vendor/illuminate/console/Command.php(211): Illuminate\\Container\\Container->call(Array)
#24 /var/www/html/vendor/symfony/console/Command/Command.php(326): Illuminate\\Console\\Command->execute(Object(Symfony\\Component\\Console\\Input\\ArgvInput), Object(Illuminate\\Console\\OutputStyle))
#25 /var/www/html/vendor/illuminate/console/Command.php(181): Symfony\\Component\\Console\\Command\\Command->run(Object(Symfony\\Component\\Console\\Input\\ArgvInput), Object(Illuminate\\Console\\OutputStyle))
#26 /var/www/html/vendor/symfony/console/Application.php(1078): Illuminate\\Console\\Command->run(Object(Symfony\\Component\\Console\\Input\\ArgvInput), Object(Symfony\\Component\\Console\\Output\\ConsoleOutput))
#27 /var/www/html/vendor/symfony/console/Application.php(324): Symfony\\Component\\Console\\Application->doRunCommand(Object(Illuminate\\Database\\Console\\Migrations\\FreshCommand), Object(Symfony\\Component\\Console\\Input\\ArgvInput), Object(Symfony\\Component\\Console\\Output\\ConsoleOutput))
#28 /var/www/html/vendor/symfony/console/Application.php(175): Symfony\\Component\\Console\\Application->doRun(Object(Symfony\\Component\\Console\\Input\\ArgvInput), Object(Symfony\\Component\\Console\\Output\\ConsoleOutput))
#29 /var/www/html/vendor/laravel/lumen-framework/src/Console/Kernel.php(160): Symfony\\Component\\Console\\Application->run(Object(Symfony\\Component\\Console\\Input\\ArgvInput), Object(Symfony\\Component\\Console\\Output\\ConsoleOutput))
#30 /var/www/html/artisan(35): Laravel\\Lumen\\Console\\Kernel->handle(Object(Symfony\\Component\\Console\\Input\\ArgvInput), Object(Symfony\\Component\\Console\\Output\\ConsoleOutput))
#31 {main}
"} 
[2024-06-29 02:17:11] local.ERROR: syntax error, unexpected token "}" {"exception":"[object] (ParseError(code: 0): syntax error, unexpected token \"}\" at /var/www/html/database/seeders/DatabaseSeeder.php:20)
[stacktrace]
#0 /var/www/html/vendor/composer/ClassLoader.php(427): Composer\\Autoload\\{closure}('/var/www/html/v...')
#1 [internal function]: Composer\\Autoload\\ClassLoader->loadClass('Database\\\\Seeder...')
#2 /var/www/html/vendor/illuminate/database/Console/Seeds/SeedCommand.php(94): class_exists('Database\\\\Seeder...')
#3 /var/www/html/vendor/illuminate/database/Console/Seeds/SeedCommand.php(70): Illuminate\\Database\\Console\\Seeds\\SeedCommand->getSeeder()
#4 /var/www/html/vendor/illuminate/database/Eloquent/Concerns/GuardsAttributes.php(155): Illuminate\\Database\\Console\\Seeds\\SeedCommand->Illuminate\\Database\\Console\\Seeds\\{closure}()
#5 /var/www/html/vendor/illuminate/database/Console/Seeds/SeedCommand.php(71): Illuminate\\Database\\Eloquent\\Model::unguarded(Object(Closure))
#6 /var/www/html/vendor/illuminate/container/BoundMethod.php(36): Illuminate\\Database\\Console\\Seeds\\SeedCommand->handle()
#7 /var/www/html/vendor/illuminate/container/Util.php(41): Illuminate\\Container\\BoundMethod::Illuminate\\Container\\{closure}()
#8 /var/www/html/vendor/illuminate/container/BoundMethod.php(93): Illuminate\\Container\\Util::unwrapIfClosure(Object(Closure))
#9 /var/www/html/vendor/illuminate/container/BoundMethod.php(37): Illuminate\\Container\\BoundMethod::callBoundMethod(Object(Laravel\\Lumen\\Application), Array, Object(Closure))
#10 /var/www/html/vendor/illuminate/container/Container.php(662): Illuminate\\Container\\BoundMethod::call(Object(Laravel\\Lumen\\Application), Array, Array, NULL)
#11 /var/www/html/vendor/illuminate/console/Command.php(211): Illuminate\\Container\\Container->call(Array)
#12 /var/www/html/vendor/symfony/console/Command/Command.php(326): Illuminate\\Console\\Command->execute(Object(Symfony\\Component\\Console\\Input\\ArrayInput), Object(Illuminate\\Console\\OutputStyle))
#13 /var/www/html/vendor/illuminate/console/Command.php(181): Symfony\\Component\\Console\\Command\\Command->run(Object(Symfony\\Component\\Console\\Input\\ArrayInput), Object(Illuminate\\Console\\OutputStyle))
#14 /var/www/html/vendor/illuminate/console/Concerns/CallsCommands.php(68): Illuminate\\Console\\Command->run(Object(Symfony\\Component\\Console\\Input\\ArrayInput), Object(Illuminate\\Console\\OutputStyle))
#15 /var/www/html/vendor/illuminate/console/Concerns/CallsCommands.php(28): Illuminate\\Console\\Command->runCommand('db:seed', Array, Object(Illuminate\\Console\\OutputStyle))
#16 /var/www/html/vendor/illuminate/database/Console/Migrations/FreshCommand.php(94): Illuminate\\Console\\Command->call('db:seed', Array)
#17 /var/www/html/vendor/illuminate/database/Console/Migrations/FreshCommand.php(69): Illuminate\\Database\\Console\\Migrations\\FreshCommand->runSeeder(NULL)
#18 /var/www/html/vendor/illuminate/container/BoundMethod.php(36): Illuminate\\Database\\Console\\Migrations\\FreshCommand->handle()
#19 /var/www/html/vendor/illuminate/container/Util.php(41): Illuminate\\Container\\BoundMethod::Illuminate\\Container\\{closure}()
#20 /var/www/html/vendor/illuminate/container/BoundMethod.php(93): Illuminate\\Container\\Util::unwrapIfClosure(Object(Closure))
#21 /var/www/html/vendor/illuminate/container/BoundMethod.php(37): Illuminate\\Container\\BoundMethod::callBoundMethod(Object(Laravel\\Lumen\\Application), Array, Object(Closure))
#22 /var/www/html/vendor/illuminate/container/Container.php(662): Illuminate\\Container\\BoundMethod::call(Object(Laravel\\Lumen\\Application), Array, Array, NULL)
#23 /var/www/html/vendor/illuminate/console/Command.php(211): Illuminate\\Container\\Container->call(Array)
#24 /var/www/html/vendor/symfony/console/Command/Command.php(326): Illuminate\\Console\\Command->execute(Object(Symfony\\Component\\Console\\Input\\ArgvInput), Object(Illuminate\\Console\\OutputStyle))
#25 /var/www/html/vendor/illuminate/console/Command.php(181): Symfony\\Component\\Console\\Command\\Command->run(Object(Symfony\\Component\\Console\\Input\\ArgvInput), Object(Illuminate\\Console\\OutputStyle))
#26 /var/www/html/vendor/symfony/console/Application.php(1078): Illuminate\\Console\\Command->run(Object(Symfony\\Component\\Console\\Input\\ArgvInput), Object(Symfony\\Component\\Console\\Output\\ConsoleOutput))
#27 /var/www/html/vendor/symfony/console/Application.php(324): Symfony\\Component\\Console\\Application->doRunCommand(Object(Illuminate\\Database\\Console\\Migrations\\FreshCommand), Object(Symfony\\Component\\Console\\Input\\ArgvInput), Object(Symfony\\Component\\Console\\Output\\ConsoleOutput))
#28 /var/www/html/vendor/symfony/console/Application.php(175): Symfony\\Component\\Console\\Application->doRun(Object(Symfony\\Component\\Console\\Input\\ArgvInput), Object(Symfony\\Component\\Console\\Output\\ConsoleOutput))
#29 /var/www/html/vendor/laravel/lumen-framework/src/Console/Kernel.php(160): Symfony\\Component\\Console\\Application->run(Object(Symfony\\Component\\Console\\Input\\ArgvInput), Object(Symfony\\Component\\Console\\Output\\ConsoleOutput))
#30 /var/www/html/artisan(35): Laravel\\Lumen\\Console\\Kernel->handle(Object(Symfony\\Component\\Console\\Input\\ArgvInput), Object(Symfony\\Component\\Console\\Output\\ConsoleOutput))
#31 {main}
"} 
[2024-06-29 02:18:03] local.ERROR: SQLSTATE[42S22]: Column not found: 1054 Unknown column 'update_at' in 'field list' (Connection: mysql, SQL: insert into `users` (`username`, `password`, `created_at`, `update_at`) values (client, password, 2024-06-29 02:18:03, 2024-06-29 02:18:03)) {"exception":"[object] (Illuminate\\Database\\QueryException(code: 42S22): SQLSTATE[42S22]: Column not found: 1054 Unknown column 'update_at' in 'field list' (Connection: mysql, SQL: insert into `users` (`username`, `password`, `created_at`, `update_at`) values (client, password, 2024-06-29 02:18:03, 2024-06-29 02:18:03)) at /var/www/html/vendor/illuminate/database/Connection.php:829)
[stacktrace]
#0 /var/www/html/vendor/illuminate/database/Connection.php(783): Illuminate\\Database\\Connection->runQueryCallback('insert into `us...', Array, Object(Closure))
#1 /var/www/html/vendor/illuminate/database/Connection.php(588): Illuminate\\Database\\Connection->run('insert into `us...', Array, Object(Closure))
#2 /var/www/html/vendor/illuminate/database/Connection.php(540): Illuminate\\Database\\Connection->statement('insert into `us...', Array)
#3 /var/www/html/vendor/illuminate/database/Query/Builder.php(3458): Illuminate\\Database\\Connection->insert('insert into `us...', Array)
#4 /var/www/html/database/seeders/UserSeeder.php(21): Illuminate\\Database\\Query\\Builder->insert(Array)
#5 /var/www/html/vendor/illuminate/container/BoundMethod.php(36): Database\\Seeders\\UserSeeder->run()
#6 /var/www/html/vendor/illuminate/container/Util.php(41): Illuminate\\Container\\BoundMethod::Illuminate\\Container\\{closure}()
#7 /var/www/html/vendor/illuminate/container/BoundMethod.php(93): Illuminate\\Container\\Util::unwrapIfClosure(Object(Closure))
#8 /var/www/html/vendor/illuminate/container/BoundMethod.php(37): Illuminate\\Container\\BoundMethod::callBoundMethod(Object(Laravel\\Lumen\\Application), Array, Object(Closure))
#9 /var/www/html/vendor/illuminate/container/Container.php(662): Illuminate\\Container\\BoundMethod::call(Object(Laravel\\Lumen\\Application), Array, Array, NULL)
#10 /var/www/html/vendor/illuminate/database/Seeder.php(184): Illuminate\\Container\\Container->call(Array, Array)
#11 /var/www/html/vendor/illuminate/database/Seeder.php(193): Illuminate\\Database\\Seeder->Illuminate\\Database\\{closure}()
#12 /var/www/html/vendor/illuminate/database/Seeder.php(61): Illuminate\\Database\\Seeder->__invoke(Array)
#13 /var/www/html/database/seeders/DatabaseSeeder.php(18): Illuminate\\Database\\Seeder->call('Database\\\\Seeder...')
#14 /var/www/html/vendor/illuminate/container/BoundMethod.php(36): Database\\Seeders\\DatabaseSeeder->run()
#15 /var/www/html/vendor/illuminate/container/Util.php(41): Illuminate\\Container\\BoundMethod::Illuminate\\Container\\{closure}()
#16 /var/www/html/vendor/illuminate/container/BoundMethod.php(93): Illuminate\\Container\\Util::unwrapIfClosure(Object(Closure))
#17 /var/www/html/vendor/illuminate/container/BoundMethod.php(37): Illuminate\\Container\\BoundMethod::callBoundMethod(Object(Laravel\\Lumen\\Application), Array, Object(Closure))
#18 /var/www/html/vendor/illuminate/container/Container.php(662): Illuminate\\Container\\BoundMethod::call(Object(Laravel\\Lumen\\Application), Array, Array, NULL)
#19 /var/www/html/vendor/illuminate/database/Seeder.php(184): Illuminate\\Container\\Container->call(Array, Array)
#20 /var/www/html/vendor/illuminate/database/Seeder.php(193): Illuminate\\Database\\Seeder->Illuminate\\Database\\{closure}()
#21 /var/www/html/vendor/illuminate/database/Console/Seeds/SeedCommand.php(70): Illuminate\\Database\\Seeder->__invoke()
#22 /var/www/html/vendor/illuminate/database/Eloquent/Concerns/GuardsAttributes.php(155): Illuminate\\Database\\Console\\Seeds\\SeedCommand->Illuminate\\Database\\Console\\Seeds\\{closure}()
#23 /var/www/html/vendor/illuminate/database/Console/Seeds/SeedCommand.php(71): Illuminate\\Database\\Eloquent\\Model::unguarded(Object(Closure))
#24 /var/www/html/vendor/illuminate/container/BoundMethod.php(36): Illuminate\\Database\\Console\\Seeds\\SeedCommand->handle()
#25 /var/www/html/vendor/illuminate/container/Util.php(41): Illuminate\\Container\\BoundMethod::Illuminate\\Container\\{closure}()
#26 /var/www/html/vendor/illuminate/container/BoundMethod.php(93): Illuminate\\Container\\Util::unwrapIfClosure(Object(Closure))
#27 /var/www/html/vendor/illuminate/container/BoundMethod.php(37): Illuminate\\Container\\BoundMethod::callBoundMethod(Object(Laravel\\Lumen\\Application), Array, Object(Closure))
#28 /var/www/html/vendor/illuminate/container/Container.php(662): Illuminate\\Container\\BoundMethod::call(Object(Laravel\\Lumen\\Application), Array, Array, NULL)
#29 /var/www/html/vendor/illuminate/console/Command.php(211): Illuminate\\Container\\Container->call(Array)
#30 /var/www/html/vendor/symfony/console/Command/Command.php(326): Illuminate\\Console\\Command->execute(Object(Symfony\\Component\\Console\\Input\\ArrayInput), Object(Illuminate\\Console\\OutputStyle))
#31 /var/www/html/vendor/illuminate/console/Command.php(181): Symfony\\Component\\Console\\Command\\Command->run(Object(Symfony\\Component\\Console\\Input\\ArrayInput), Object(Illuminate\\Console\\OutputStyle))
#32 /var/www/html/vendor/illuminate/console/Concerns/CallsCommands.php(68): Illuminate\\Console\\Command->run(Object(Symfony\\Component\\Console\\Input\\ArrayInput), Object(Illuminate\\Console\\OutputStyle))
#33 /var/www/html/vendor/illuminate/console/Concerns/CallsCommands.php(28): Illuminate\\Console\\Command->runCommand('db:seed', Array, Object(Illuminate\\Console\\OutputStyle))
#34 /var/www/html/vendor/illuminate/database/Console/Migrations/FreshCommand.php(94): Illuminate\\Console\\Command->call('db:seed', Array)
#35 /var/www/html/vendor/illuminate/database/Console/Migrations/FreshCommand.php(69): Illuminate\\Database\\Console\\Migrations\\FreshCommand->runSeeder(NULL)
#36 /var/www/html/vendor/illuminate/container/BoundMethod.php(36): Illuminate\\Database\\Console\\Migrations\\FreshCommand->handle()
#37 /var/www/html/vendor/illuminate/container/Util.php(41): Illuminate\\Container\\BoundMethod::Illuminate\\Container\\{closure}()
#38 /var/www/html/vendor/illuminate/container/BoundMethod.php(93): Illuminate\\Container\\Util::unwrapIfClosure(Object(Closure))
#39 /var/www/html/vendor/illuminate/container/BoundMethod.php(37): Illuminate\\Container\\BoundMethod::callBoundMethod(Object(Laravel\\Lumen\\Application), Array, Object(Closure))
#40 /var/www/html/vendor/illuminate/container/Container.php(662): Illuminate\\Container\\BoundMethod::call(Object(Laravel\\Lumen\\Application), Array, Array, NULL)
#41 /var/www/html/vendor/illuminate/console/Command.php(211): Illuminate\\Container\\Container->call(Array)
#42 /var/www/html/vendor/symfony/console/Command/Command.php(326): Illuminate\\Console\\Command->execute(Object(Symfony\\Component\\Console\\Input\\ArgvInput), Object(Illuminate\\Console\\OutputStyle))
#43 /var/www/html/vendor/illuminate/console/Command.php(181): Symfony\\Component\\Console\\Command\\Command->run(Object(Symfony\\Component\\Console\\Input\\ArgvInput), Object(Illuminate\\Console\\OutputStyle))
#44 /var/www/html/vendor/symfony/console/Application.php(1078): Illuminate\\Console\\Command->run(Object(Symfony\\Component\\Console\\Input\\ArgvInput), Object(Symfony\\Component\\Console\\Output\\ConsoleOutput))
#45 /var/www/html/vendor/symfony/console/Application.php(324): Symfony\\Component\\Console\\Application->doRunCommand(Object(Illuminate\\Database\\Console\\Migrations\\FreshCommand), Object(Symfony\\Component\\Console\\Input\\ArgvInput), Object(Symfony\\Component\\Console\\Output\\ConsoleOutput))
#46 /var/www/html/vendor/symfony/console/Application.php(175): Symfony\\Component\\Console\\Application->doRun(Object(Symfony\\Component\\Console\\Input\\ArgvInput), Object(Symfony\\Component\\Console\\Output\\ConsoleOutput))
#47 /var/www/html/vendor/laravel/lumen-framework/src/Console/Kernel.php(160): Symfony\\Component\\Console\\Application->run(Object(Symfony\\Component\\Console\\Input\\ArgvInput), Object(Symfony\\Component\\Console\\Output\\ConsoleOutput))
#48 /var/www/html/artisan(35): Laravel\\Lumen\\Console\\Kernel->handle(Object(Symfony\\Component\\Console\\Input\\ArgvInput), Object(Symfony\\Component\\Console\\Output\\ConsoleOutput))
#49 {main}

[previous exception] [object] (PDOException(code: 42S22): SQLSTATE[42S22]: Column not found: 1054 Unknown column 'update_at' in 'field list' at /var/www/html/vendor/illuminate/database/Connection.php:581)
[stacktrace]
#0 /var/www/html/vendor/illuminate/database/Connection.php(581): PDO->prepare('insert into `us...')
#1 /var/www/html/vendor/illuminate/database/Connection.php(816): Illuminate\\Database\\Connection->Illuminate\\Database\\{closure}('insert into `us...', Array)
#2 /var/www/html/vendor/illuminate/database/Connection.php(783): Illuminate\\Database\\Connection->runQueryCallback('insert into `us...', Array, Object(Closure))
#3 /var/www/html/vendor/illuminate/database/Connection.php(588): Illuminate\\Database\\Connection->run('insert into `us...', Array, Object(Closure))
#4 /var/www/html/vendor/illuminate/database/Connection.php(540): Illuminate\\Database\\Connection->statement('insert into `us...', Array)
#5 /var/www/html/vendor/illuminate/database/Query/Builder.php(3458): Illuminate\\Database\\Connection->insert('insert into `us...', Array)
#6 /var/www/html/database/seeders/UserSeeder.php(21): Illuminate\\Database\\Query\\Builder->insert(Array)
#7 /var/www/html/vendor/illuminate/container/BoundMethod.php(36): Database\\Seeders\\UserSeeder->run()
#8 /var/www/html/vendor/illuminate/container/Util.php(41): Illuminate\\Container\\BoundMethod::Illuminate\\Container\\{closure}()
#9 /var/www/html/vendor/illuminate/container/BoundMethod.php(93): Illuminate\\Container\\Util::unwrapIfClosure(Object(Closure))
#10 /var/www/html/vendor/illuminate/container/BoundMethod.php(37): Illuminate\\Container\\BoundMethod::callBoundMethod(Object(Laravel\\Lumen\\Application), Array, Object(Closure))
#11 /var/www/html/vendor/illuminate/container/Container.php(662): Illuminate\\Container\\BoundMethod::call(Object(Laravel\\Lumen\\Application), Array, Array, NULL)
#12 /var/www/html/vendor/illuminate/database/Seeder.php(184): Illuminate\\Container\\Container->call(Array, Array)
#13 /var/www/html/vendor/illuminate/database/Seeder.php(193): Illuminate\\Database\\Seeder->Illuminate\\Database\\{closure}()
#14 /var/www/html/vendor/illuminate/database/Seeder.php(61): Illuminate\\Database\\Seeder->__invoke(Array)
#15 /var/www/html/database/seeders/DatabaseSeeder.php(18): Illuminate\\Database\\Seeder->call('Database\\\\Seeder...')
#16 /var/www/html/vendor/illuminate/container/BoundMethod.php(36): Database\\Seeders\\DatabaseSeeder->run()
#17 /var/www/html/vendor/illuminate/container/Util.php(41): Illuminate\\Container\\BoundMethod::Illuminate\\Container\\{closure}()
#18 /var/www/html/vendor/illuminate/container/BoundMethod.php(93): Illuminate\\Container\\Util::unwrapIfClosure(Object(Closure))
#19 /var/www/html/vendor/illuminate/container/BoundMethod.php(37): Illuminate\\Container\\BoundMethod::callBoundMethod(Object(Laravel\\Lumen\\Application), Array, Object(Closure))
#20 /var/www/html/vendor/illuminate/container/Container.php(662): Illuminate\\Container\\BoundMethod::call(Object(Laravel\\Lumen\\Application), Array, Array, NULL)
#21 /var/www/html/vendor/illuminate/database/Seeder.php(184): Illuminate\\Container\\Container->call(Array, Array)
#22 /var/www/html/vendor/illuminate/database/Seeder.php(193): Illuminate\\Database\\Seeder->Illuminate\\Database\\{closure}()
#23 /var/www/html/vendor/illuminate/database/Console/Seeds/SeedCommand.php(70): Illuminate\\Database\\Seeder->__invoke()
#24 /var/www/html/vendor/illuminate/database/Eloquent/Concerns/GuardsAttributes.php(155): Illuminate\\Database\\Console\\Seeds\\SeedCommand->Illuminate\\Database\\Console\\Seeds\\{closure}()
#25 /var/www/html/vendor/illuminate/database/Console/Seeds/SeedCommand.php(71): Illuminate\\Database\\Eloquent\\Model::unguarded(Object(Closure))
#26 /var/www/html/vendor/illuminate/container/BoundMethod.php(36): Illuminate\\Database\\Console\\Seeds\\SeedCommand->handle()
#27 /var/www/html/vendor/illuminate/container/Util.php(41): Illuminate\\Container\\BoundMethod::Illuminate\\Container\\{closure}()
#28 /var/www/html/vendor/illuminate/container/BoundMethod.php(93): Illuminate\\Container\\Util::unwrapIfClosure(Object(Closure))
#29 /var/www/html/vendor/illuminate/container/BoundMethod.php(37): Illuminate\\Container\\BoundMethod::callBoundMethod(Object(Laravel\\Lumen\\Application), Array, Object(Closure))
#30 /var/www/html/vendor/illuminate/container/Container.php(662): Illuminate\\Container\\BoundMethod::call(Object(Laravel\\Lumen\\Application), Array, Array, NULL)
#31 /var/www/html/vendor/illuminate/console/Command.php(211): Illuminate\\Container\\Container->call(Array)
#32 /var/www/html/vendor/symfony/console/Command/Command.php(326): Illuminate\\Console\\Command->execute(Object(Symfony\\Component\\Console\\Input\\ArrayInput), Object(Illuminate\\Console\\OutputStyle))
#33 /var/www/html/vendor/illuminate/console/Command.php(181): Symfony\\Component\\Console\\Command\\Command->run(Object(Symfony\\Component\\Console\\Input\\ArrayInput), Object(Illuminate\\Console\\OutputStyle))
#34 /var/www/html/vendor/illuminate/console/Concerns/CallsCommands.php(68): Illuminate\\Console\\Command->run(Object(Symfony\\Component\\Console\\Input\\ArrayInput), Object(Illuminate\\Console\\OutputStyle))
#35 /var/www/html/vendor/illuminate/console/Concerns/CallsCommands.php(28): Illuminate\\Console\\Command->runCommand('db:seed', Array, Object(Illuminate\\Console\\OutputStyle))
#36 /var/www/html/vendor/illuminate/database/Console/Migrations/FreshCommand.php(94): Illuminate\\Console\\Command->call('db:seed', Array)
#37 /var/www/html/vendor/illuminate/database/Console/Migrations/FreshCommand.php(69): Illuminate\\Database\\Console\\Migrations\\FreshCommand->runSeeder(NULL)
#38 /var/www/html/vendor/illuminate/container/BoundMethod.php(36): Illuminate\\Database\\Console\\Migrations\\FreshCommand->handle()
#39 /var/www/html/vendor/illuminate/container/Util.php(41): Illuminate\\Container\\BoundMethod::Illuminate\\Container\\{closure}()
#40 /var/www/html/vendor/illuminate/container/BoundMethod.php(93): Illuminate\\Container\\Util::unwrapIfClosure(Object(Closure))
#41 /var/www/html/vendor/illuminate/container/BoundMethod.php(37): Illuminate\\Container\\BoundMethod::callBoundMethod(Object(Laravel\\Lumen\\Application), Array, Object(Closure))
#42 /var/www/html/vendor/illuminate/container/Container.php(662): Illuminate\\Container\\BoundMethod::call(Object(Laravel\\Lumen\\Application), Array, Array, NULL)
#43 /var/www/html/vendor/illuminate/console/Command.php(211): Illuminate\\Container\\Container->call(Array)
#44 /var/www/html/vendor/symfony/console/Command/Command.php(326): Illuminate\\Console\\Command->execute(Object(Symfony\\Component\\Console\\Input\\ArgvInput), Object(Illuminate\\Console\\OutputStyle))
#45 /var/www/html/vendor/illuminate/console/Command.php(181): Symfony\\Component\\Console\\Command\\Command->run(Object(Symfony\\Component\\Console\\Input\\ArgvInput), Object(Illuminate\\Console\\OutputStyle))
#46 /var/www/html/vendor/symfony/console/Application.php(1078): Illuminate\\Console\\Command->run(Object(Symfony\\Component\\Console\\Input\\ArgvInput), Object(Symfony\\Component\\Console\\Output\\ConsoleOutput))
#47 /var/www/html/vendor/symfony/console/Application.php(324): Symfony\\Component\\Console\\Application->doRunCommand(Object(Illuminate\\Database\\Console\\Migrations\\FreshCommand), Object(Symfony\\Component\\Console\\Input\\ArgvInput), Object(Symfony\\Component\\Console\\Output\\ConsoleOutput))
#48 /var/www/html/vendor/symfony/console/Application.php(175): Symfony\\Component\\Console\\Application->doRun(Object(Symfony\\Component\\Console\\Input\\ArgvInput), Object(Symfony\\Component\\Console\\Output\\ConsoleOutput))
#49 /var/www/html/vendor/laravel/lumen-framework/src/Console/Kernel.php(160): Symfony\\Component\\Console\\Application->run(Object(Symfony\\Component\\Console\\Input\\ArgvInput), Object(Symfony\\Component\\Console\\Output\\ConsoleOutput))
#50 /var/www/html/artisan(35): Laravel\\Lumen\\Console\\Kernel->handle(Object(Symfony\\Component\\Console\\Input\\ArgvInput), Object(Symfony\\Component\\Console\\Output\\ConsoleOutput))
#51 {main}
"} 
[2024-06-29 02:36:05] local.ERROR: syntax error, unexpected token "}" {"exception":"[object] (ParseError(code: 0): syntax error, unexpected token \"}\" at /var/www/html/routes/web.php:17)
[stacktrace]
#0 /var/www/html/vendor/laravel/lumen-framework/src/Routing/Router.php(62): {closure}(Object(Laravel\\Lumen\\Routing\\Router))
#1 /var/www/html/bootstrap/app.php(115): Laravel\\Lumen\\Routing\\Router->group(Array, Object(Closure))
#2 /var/www/html/public/index.php(14): require('/var/www/html/b...')
#3 {main}
"} 
[2024-06-29 02:36:22] local.ERROR: syntax error, unexpected token "}" {"exception":"[object] (ParseError(code: 0): syntax error, unexpected token \"}\" at /var/www/html/routes/web.php:17)
[stacktrace]
#0 /var/www/html/vendor/laravel/lumen-framework/src/Routing/Router.php(62): {closure}(Object(Laravel\\Lumen\\Routing\\Router))
#1 /var/www/html/bootstrap/app.php(115): Laravel\\Lumen\\Routing\\Router->group(Array, Object(Closure))
#2 /var/www/html/public/index.php(14): require('/var/www/html/b...')
#3 {main}
"} 
[2024-06-29 02:36:23] local.ERROR: syntax error, unexpected token "}" {"exception":"[object] (ParseError(code: 0): syntax error, unexpected token \"}\" at /var/www/html/routes/web.php:17)
[stacktrace]
#0 /var/www/html/vendor/laravel/lumen-framework/src/Routing/Router.php(62): {closure}(Object(Laravel\\Lumen\\Routing\\Router))
#1 /var/www/html/bootstrap/app.php(115): Laravel\\Lumen\\Routing\\Router->group(Array, Object(Closure))
#2 /var/www/html/public/index.php(14): require('/var/www/html/b...')
#3 {main}
"} 
[2024-06-29 02:37:02] local.ERROR: syntax error, unexpected token "}" {"exception":"[object] (ParseError(code: 0): syntax error, unexpected token \"}\" at /var/www/html/routes/web.php:23)
[stacktrace]
#0 /var/www/html/vendor/laravel/lumen-framework/src/Routing/Router.php(62): {closure}(Object(Laravel\\Lumen\\Routing\\Router))
#1 /var/www/html/bootstrap/app.php(115): Laravel\\Lumen\\Routing\\Router->group(Array, Object(Closure))
#2 /var/www/html/public/index.php(14): require('/var/www/html/b...')
#3 {main}
"} 
[2024-06-29 02:37:30] local.ERROR: Class "App\Http\Controllers\DB" not found {"exception":"[object] (Error(code: 0): Class \"App\\Http\\Controllers\\DB\" not found at /var/www/html/app/Http/Controllers/UserController.php:17)
[stacktrace]
#0 /var/www/html/vendor/illuminate/container/BoundMethod.php(36): App\\Http\\Controllers\\UserController->index()
#1 /var/www/html/vendor/illuminate/container/Util.php(41): Illuminate\\Container\\BoundMethod::Illuminate\\Container\\{closure}()
#2 /var/www/html/vendor/illuminate/container/BoundMethod.php(93): Illuminate\\Container\\Util::unwrapIfClosure(Object(Closure))
#3 /var/www/html/vendor/illuminate/container/BoundMethod.php(37): Illuminate\\Container\\BoundMethod::callBoundMethod(Object(Laravel\\Lumen\\Application), Array, Object(Closure))
#4 /var/www/html/vendor/illuminate/container/Container.php(662): Illuminate\\Container\\BoundMethod::call(Object(Laravel\\Lumen\\Application), Array, Array, NULL)
#5 /var/www/html/vendor/laravel/lumen-framework/src/Concerns/RoutesRequests.php(391): Illuminate\\Container\\Container->call(Array, Array)
#6 /var/www/html/vendor/laravel/lumen-framework/src/Concerns/RoutesRequests.php(357): Laravel\\Lumen\\Application->callControllerCallable(Array, Array)
#7 /var/www/html/vendor/laravel/lumen-framework/src/Concerns/RoutesRequests.php(331): Laravel\\Lumen\\Application->callLumenController(Object(App\\Http\\Controllers\\UserController), 'index', Array)
#8 /var/www/html/vendor/laravel/lumen-framework/src/Concerns/RoutesRequests.php(284): Laravel\\Lumen\\Application->callControllerAction(Array)
#9 /var/www/html/vendor/laravel/lumen-framework/src/Concerns/RoutesRequests.php(269): Laravel\\Lumen\\Application->callActionOnArrayBasedRoute(Array)
#10 /var/www/html/vendor/laravel/lumen-framework/src/Concerns/RoutesRequests.php(171): Laravel\\Lumen\\Application->handleFoundRoute(Array)
#11 /var/www/html/vendor/laravel/lumen-framework/src/Concerns/RoutesRequests.php(431): Laravel\\Lumen\\Application->Laravel\\Lumen\\Concerns\\{closure}(Object(Laravel\\Lumen\\Http\\Request))
#12 /var/www/html/vendor/laravel/lumen-framework/src/Concerns/RoutesRequests.php(177): Laravel\\Lumen\\Application->sendThroughPipeline(Array, Object(Closure))
#13 /var/www/html/vendor/laravel/lumen-framework/src/Concerns/RoutesRequests.php(112): Laravel\\Lumen\\Application->dispatch(NULL)
#14 /var/www/html/public/index.php(28): Laravel\\Lumen\\Application->run()
#15 {main}
"} 
